<?xml version="1.0" encoding="UTF-8"?>
<!-- Generated by org.testng.reporters.JUnitReportReporter -->
<testsuite hostname="BHAGAVATH" failures="0" tests="1" name="com.DataTech.Tests.ProductTest" time="0.072" errors="0" timestamp="2025-07-30T10:36:56 IST" skipped="0">
  <testcase classname="com.DataTech.Tests.ProductTest" name="getProductDetails" time="0.072"/>
</testsuite> <!-- com.DataTech.Tests.ProductTest -->
