<?xml version="1.0" encoding="UTF-8"?>
<!-- Generated by org.testng.reporters.JUnitReportReporter -->
<testsuite hostname="BHAGAVATH" failures="0" tests="2" name="com.DataTech.Tests.CartTest" time="0.361" errors="0" timestamp="2025-07-30T10:36:56 IST" skipped="0">
  <testcase classname="com.DataTech.Tests.CartTest" name="assertProductDetails" time="0.005"/>
  <testcase classname="com.DataTech.Tests.CartTest" name="verifyProductDetails" time="0.356"/>
</testsuite> <!-- com.DataTech.Tests.CartTest -->
