<?xml version="1.0" encoding="UTF-8"?>
<!-- Generated by org.testng.reporters.JUnitReportReporter -->
<testsuite hostname="BHAGAVATH" failures="0" tests="1" name="com.tinyFlix.Base.TestBase" time="6.364" errors="0" timestamp="2025-07-17T23:35:10 IST" skipped="0">
  <testcase classname="com.tinyFlix.Base.TestBase" name="setup" time="6.364"/>
  <system-out/>
</testsuite> <!-- com.tinyFlix.Base.TestBase -->
