<?xml version="1.0" encoding="UTF-8"?>
<!-- Generated by org.testng.reporters.JUnitReportReporter -->
<testsuite hostname="BHAGAVATH" failures="0" tests="1" name="com.DataTech.Tests.LoginTest" time="0.692" errors="0" timestamp="2025-09-09T13:52:44 IST" skipped="0">
  <testcase classname="com.DataTech.Tests.LoginTest" name="validLogin" time="0.692"/>
</testsuite> <!-- com.DataTech.Tests.LoginTest -->
