<?xml version="1.0" encoding="UTF-8"?>
<!-- Generated by org.testng.reporters.JUnitReportReporter -->
<testsuite hostname="BHAGAVATH" failures="0" tests="2" name="com.DataTech.Tests.CartTest" time="0.251" errors="0" timestamp="2025-07-29T16:27:24 IST" skipped="0">
  <testcase classname="com.DataTech.Tests.CartTest" name="assertProductDetails" time="0.004"/>
  <testcase classname="com.DataTech.Tests.CartTest" name="verifyProductDetails" time="0.247"/>
</testsuite> <!-- com.DataTech.Tests.CartTest -->
