<?xml version="1.0" encoding="UTF-8"?>
<!-- Generated by org.testng.reporters.JUnitReportReporter -->
<testsuite hostname="BHAGAVATH" failures="0" tests="2" name="com.DataTech.Tests.HomeTest" time="0.447" errors="0" timestamp="2025-09-09T13:52:44 IST" skipped="0">
  <testcase classname="com.DataTech.Tests.HomeTest" name="getProductNameAndPrice" time="0.194"/>
  <testcase classname="com.DataTech.Tests.HomeTest" name="sortbyName" time="0.253"/>
</testsuite> <!-- com.DataTech.Tests.HomeTest -->
