<?xml version="1.0" encoding="UTF-8"?>
<!-- Generated by org.testng.reporters.JUnitReportReporter -->
<testsuite hostname="BHAGAVATH" failures="0" tests="1" name="com.DataTech.Base.TestBase" time="9.458" errors="0" timestamp="2025-07-28T20:59:46 IST" skipped="0">
  <testcase classname="com.DataTech.Base.TestBase" name="setup" time="9.458"/>
  <system-out/>
</testsuite> <!-- com.DataTech.Base.TestBase -->
