<?xml version="1.0" encoding="UTF-8"?>
<!-- Generated by org.testng.reporters.JUnitReportReporter -->
<testsuite hostname="BHAGAVATH" failures="0" tests="5" name="com.DataTech.Tests.HomeTest" time="1.261" errors="0" timestamp="2025-07-29T16:27:24 IST" skipped="0">
  <testcase classname="com.DataTech.Tests.HomeTest" name="verifyFilters" time="0.244"/>
  <testcase classname="com.DataTech.Tests.HomeTest" name="verifyFilters" time="0.261"/>
  <testcase classname="com.DataTech.Tests.HomeTest" name="verifyFilters" time="0.197"/>
  <testcase classname="com.DataTech.Tests.HomeTest" name="verifyFilters" time="0.174"/>
  <testcase classname="com.DataTech.Tests.HomeTest" name="addCheapestProduct" time="0.385"/>
</testsuite> <!-- com.DataTech.Tests.HomeTest -->
