<?xml version="1.0" encoding="UTF-8"?>
<!-- Generated by org.testng.reporters.JUnitReportReporter -->
<testsuite hostname="BHAGAVATH" failures="0" tests="5" name="com.DataTech.Tests.HomeTest" time="1.304" errors="0" timestamp="2025-09-09T14:21:49 IST" skipped="0">
  <testcase classname="com.DataTech.Tests.HomeTest" name="verifyFilters" time="0.205"/>
  <testcase classname="com.DataTech.Tests.HomeTest" name="verifyFilters" time="0.285"/>
  <testcase classname="com.DataTech.Tests.HomeTest" name="verifyFilters" time="0.199"/>
  <testcase classname="com.DataTech.Tests.HomeTest" name="verifyFilters" time="0.227"/>
  <testcase classname="com.DataTech.Tests.HomeTest" name="addCheapestProduct" time="0.388"/>
</testsuite> <!-- com.DataTech.Tests.HomeTest -->
